<component name="libraryTable">
  <library name="junit">
    <CLASSES>
      <root url="jar://$PROJECT_DIR$/snake-game-master/junit.jar!/" />
    </CLASSES>
    <JAVADOC />
    <SOURCES />
  </library>
</component>